<?xml version="1.0" encoding="UTF-8"?>
<!-- Generated by org.testng.reporters.JUnitXMLReporter -->
<testsuite ignored="0" hostname="DESKTOP-K43D3KI" failures="2" tests="5" name="master" time="36.873" errors="0" timestamp="2025-12-06T08:03:01 IST">
  <testcase classname="testCases.TC03_LoginDDT" name="verify_loginDDT" time="4.513"/>
  <testcase classname="testCases.TC03_LoginDDT" name="verify_loginDDT" time="2.58">
    <failure type="java.lang.AssertionError" message="null">
      <![CDATA[java.lang.AssertionError: null
at testCases.TC03_LoginDDT.verify_loginDDT(TC03_LoginDDT.java:52)
at java.base/java.util.ArrayList.forEach(ArrayList.java:1596)
... Removed 27 stack frames]]>
    </failure>
  </testcase> <!-- verify_loginDDT -->
  <testcase classname="testCases.TC03_LoginDDT" name="verify_loginDDT" time="2.977">
    <failure type="java.lang.AssertionError" message="null">
      <![CDATA[java.lang.AssertionError: null
at testCases.TC03_LoginDDT.verify_loginDDT(TC03_LoginDDT.java:52)
at java.base/java.util.ArrayList.forEach(ArrayList.java:1596)
... Removed 27 stack frames]]>
    </failure>
  </testcase> <!-- verify_loginDDT -->
  <testcase classname="testCases.TC03_LoginDDT" name="verify_loginDDT" time="11.854"/>
  <testcase classname="testCases.TC03_LoginDDT" name="verify_loginDDT" time="2.996"/>
</testsuite> <!-- master -->
