<?xml version="1.0" encoding="UTF-8"?>
<testng-results ignored="0" total="1" passed="1" failed="0" skipped="0">
  <reporter-output>
  </reporter-output>
  <suite started-at="2025-12-17T12:33:25 IST" name="Master Suite" finished-at="2025-12-17T12:33:40 IST" duration-ms="15399">
    <groups>
      <group name="Master">
        <method signature="TC02_LoginTest.verify_login()[pri:0, instance:testCases.TC02_LoginTest@41e68d87]" name="verify_login" class="testCases.TC02_LoginTest"/>
      </group> <!-- Master -->
      <group name="Sanity">
        <method signature="TC02_LoginTest.verify_login()[pri:0, instance:testCases.TC02_LoginTest@41e68d87]" name="verify_login" class="testCases.TC02_LoginTest"/>
      </group> <!-- Sanity -->
    </groups>
    <test started-at="2025-12-17T12:33:25 IST" name="master" finished-at="2025-12-17T12:33:40 IST" duration-ms="15399">
      <class name="testCases.TC02_LoginTest">
        <test-method is-config="true" signature="setUp(java.lang.String,java.lang.String)[pri:0, instance:testCases.TC02_LoginTest@41e68d87]" started-at="2025-12-17T12:33:25 IST" name="setUp" finished-at="2025-12-17T12:33:35 IST" duration-ms="9423" status="PASS">
          <params>
            <param index="0">
              <value>
                <![CDATA[windows]]>
              </value>
            </param>
            <param index="1">
              <value>
                <![CDATA[chrome]]>
              </value>
            </param>
          </params>
          <reporter-output>
          </reporter-output>
        </test-method> <!-- setUp -->
        <test-method signature="verify_login()[pri:0, instance:testCases.TC02_LoginTest@41e68d87]" started-at="2025-12-17T12:33:35 IST" name="verify_login" finished-at="2025-12-17T12:33:38 IST" duration-ms="3126" status="PASS">
          <reporter-output>
          </reporter-output>
        </test-method> <!-- verify_login -->
        <test-method is-config="true" signature="tearDown()[pri:0, instance:testCases.TC02_LoginTest@41e68d87]" started-at="2025-12-17T12:33:38 IST" name="tearDown" finished-at="2025-12-17T12:33:40 IST" duration-ms="2405" status="PASS">
          <reporter-output>
          </reporter-output>
        </test-method> <!-- tearDown -->
      </class> <!-- testCases.TC02_LoginTest -->
    </test> <!-- master -->
  </suite> <!-- Master Suite -->
</testng-results>
