<?xml version="1.0" encoding="UTF-8"?>
<testng-results ignored="0" total="1" passed="1" failed="0" skipped="0">
  <reporter-output>
  </reporter-output>
  <suite started-at="2025-12-17T11:02:13 IST" name="Grid Suite" finished-at="2025-12-17T11:03:42 IST" duration-ms="88662">
    <groups>
      <group name="Master">
        <method signature="TC02_LoginTest.verify_login()[pri:0, instance:testCases.TC02_LoginTest@7d1cfb8b]" name="verify_login" class="testCases.TC02_LoginTest"/>
      </group> <!-- Master -->
      <group name="Sanity">
        <method signature="TC02_LoginTest.verify_login()[pri:0, instance:testCases.TC02_LoginTest@7d1cfb8b]" name="verify_login" class="testCases.TC02_LoginTest"/>
      </group> <!-- Sanity -->
    </groups>
    <test started-at="2025-12-17T11:02:13 IST" name="linux-firefox" finished-at="2025-12-17T11:03:42 IST" duration-ms="88662">
      <class name="testCases.TC02_LoginTest">
        <test-method is-config="true" signature="setUp(java.lang.String,java.lang.String)[pri:0, instance:testCases.TC02_LoginTest@7d1cfb8b]" started-at="2025-12-17T11:02:14 IST" name="setUp" finished-at="2025-12-17T11:03:25 IST" duration-ms="70803" status="PASS">
          <params>
            <param index="0">
              <value>
                <![CDATA[linux]]>
              </value>
            </param>
            <param index="1">
              <value>
                <![CDATA[firefox]]>
              </value>
            </param>
          </params>
          <reporter-output>
          </reporter-output>
        </test-method> <!-- setUp -->
        <test-method signature="verify_login()[pri:0, instance:testCases.TC02_LoginTest@7d1cfb8b]" started-at="2025-12-17T11:03:25 IST" name="verify_login" finished-at="2025-12-17T11:03:35 IST" duration-ms="9901" status="PASS">
          <reporter-output>
          </reporter-output>
        </test-method> <!-- verify_login -->
        <test-method is-config="true" signature="tearDown()[pri:0, instance:testCases.TC02_LoginTest@7d1cfb8b]" started-at="2025-12-17T11:03:35 IST" name="tearDown" finished-at="2025-12-17T11:03:42 IST" duration-ms="6968" status="PASS">
          <reporter-output>
          </reporter-output>
        </test-method> <!-- tearDown -->
      </class> <!-- testCases.TC02_LoginTest -->
    </test> <!-- linux-firefox -->
  </suite> <!-- Grid Suite -->
</testng-results>
