<?xml version="1.0" encoding="UTF-8"?>
<!-- Generated by org.testng.reporters.JUnitXMLReporter -->
<testsuite ignored="0" hostname="DESKTOP-K43D3KI" failures="1" tests="2" name="master" time="22.93" errors="0" timestamp="2025-12-10T08:48:51 IST">
  <testcase classname="testCases.TC01_AccountRegistationTest" name="Verify_account_registation" time="3.483">
    <failure type="java.lang.AssertionError" message="expected [Your Account Has Been Created!!!] but found [Your Account Has Been Created!]">
      <![CDATA[java.lang.AssertionError: expected [Your Account Has Been Created!!!] but found [Your Account Has Been Created!]
at testCases.TC01_AccountRegistationTest.Verify_account_registation(TC01_AccountRegistationTest.java:37)
at java.base/java.util.ArrayList.forEach(ArrayList.java:1596)
... Removed 31 stack frames]]>
    </failure>
  </testcase> <!-- Verify_account_registation -->
  <testcase classname="testCases.TC02_LoginTest" name="verify_login" time="2.035"/>
</testsuite> <!-- master -->
